
alog -O2 -sve -msg 5 -sv2k17 -work archProject $dsn/src/edited.v
# Error: VCP2000 edited.v : (876, 28): Syntax error. Unexpected token: ns[_IDENTIFIER].
# Error: VCP2000 edited.v : (878, 28): Syntax error. Unexpected token: ns[_IDENTIFIER].
# Warning: VCP2661 edited.v : (874, 5): Infinite loop is possible in ALWAYS statement.
# Error: VCP2555 edited.v : (884, 34): Undefined identifier: computer_tb.
# Compile failure 3 Errors 1 Warnings  Analysis time: 0[s].
alog -O2 -sve -msg 5 -sv2k17 -work archProject $dsn/src/edited.v
# Error: VCP2000 edited.v : (876, 28): Syntax error. Unexpected token: ns[_IDENTIFIER].
# Error: VCP2000 edited.v : (878, 28): Syntax error. Unexpected token: ns[_IDENTIFIER].
# Warning: VCP2661 edited.v : (874, 5): Infinite loop is possible in ALWAYS statement.
# Compile failure 2 Errors 1 Warnings  Analysis time: 0[s].
alog -O2 -sve -msg 5 -sv2k17 -work archProject $dsn/src/edited.v
# Unit top modules: testbench.
# Compile success 0 Errors 0 Warnings  Analysis time: 0[s].
# done
endsim
# VSIM: Simulation has finished.
asim -O5 +access +w_nets +accb +accr +access +r +access +r+w testbench
# ELBREAD: Elaboration process.
# ELBREAD: Warning: ELBREAD_0049 The "computer" design unit does not have a time unit/precision defined but other design units do.
# ELBREAD: Warning: ELBREAD_0049 The "instructionMemory" design unit does not have a time unit/precision defined but other design units do.
# ELBREAD: Warning: ELBREAD_0049 The "dataMemory" design unit does not have a time unit/precision defined but other design units do.
# ELBREAD: Warning: ELBREAD_0049 The "CPU" design unit does not have a time unit/precision defined but other design units do.
# ELBREAD: Warning: ELBREAD_0049 The "controlUnit" design unit does not have a time unit/precision defined but other design units do.
# ELBREAD: Warning: ELBREAD_0049 The "datapath" design unit does not have a time unit/precision defined but other design units do.
# ELBREAD: Warning: ELBREAD_0049 The "ALUcontrol" design unit does not have a time unit/precision defined but other design units do.
# ELBREAD: Warning: ELBREAD_0049 The "PCcontrol" design unit does not have a time unit/precision defined but other design units do.
# ELBREAD: Warning: ELBREAD_0049 The "flop" design unit does not have a time unit/precision defined but other design units do.
# ELBREAD: Warning: ELBREAD_0049 The "reg_file" design unit does not have a time unit/precision defined but other design units do.
# ELBREAD: Warning: ELBREAD_0049 The "extender" design unit does not have a time unit/precision defined but other design units do.
# ELBREAD: Warning: ELBREAD_0049 The "ALU" design unit does not have a time unit/precision defined but other design units do.
# ELBREAD: Warning: ELBREAD_0049 The "mux4x1" design unit does not have a time unit/precision defined but other design units do.
# ELBREAD: Warning: ELBREAD_0049 The "mux2x1" design unit does not have a time unit/precision defined but other design units do.
# ELBREAD: Warning: ELBREAD_0049 The "extender2" design unit does not have a time unit/precision defined but other design units do.
# ELBREAD: Elaboration time 0.0 [s].
# VSIM: Stack memory: 32MB
# VSIM: Retval memory: 32MB
# 
# KERNEL: Main thread initiated.
# KERNEL: Kernel process initialization phase.
# ELAB2: Elaboration final pass...
# KERNEL: PLI/VHPI kernel's engine initialization done.
# PLI: Loading library 'C:\Aldec\Active-HDL-Student-Edition\bin\systf.dll'
# ELAB2: Create instances ...
# KERNEL: Time resolution set to 1ps.
# ELAB2: Create instances complete.
# SLP: Started
# SLP: Elaboration phase ...
# SLP: Elaboration phase ... done : 0.1 [s]
# SLP: Generation phase ...
# SLP: Generation phase ... done : 0.7 [s]
# SLP: Finished : 0.8 [s]
# SLP: 0 primitives and 47 (100.00%) other processes in SLP
# SLP: 11 (3.82%) signals in SLP and 254 (88.19%) interface signals
# ELAB2: Elaboration final pass complete - time: 0.8 [s].
# KERNEL: SLP loading done - time: 0.0 [s].
# KERNEL: Warning: You are using the Active-HDL Student Edition. The performance of simulation is running at a reduced rate.
# KERNEL: Warning: Contact Aldec for available upgrade options - sales@aldec.com.
# KERNEL: SLP simulation initialization done - time: 0.0 [s].
# KERNEL: Kernel process initialization done.
# Allocation: Simulator allocated 5730 kB (elbread=427 elab2=5166 kernel=136 sdf=0)
# KERNEL: ASDB file was created in location C:\Users\DR\Desktop\secondProject\secondProject\archProject\src\wave.asdb
#  11:18 PM, Saturday, June 22, 2024
#  Simulation has been initialized
# Waveform file 'untitled.awc' connected to 'C:/Users/DR/Desktop/secondProject/secondProject/archProject/src/wave.asdb'.
run 100 ns
# KERNEL: ** Control Unit 5000: state =  x
# KERNEL: ** Control Unit 15000: state =  0
# KERNEL: ** Control Unit 25000: state =  1
# KERNEL: ** Control Unit 35000: state =  0
# KERNEL: ** Control Unit 45000: state =  1
# KERNEL: Starting Test Scenario 1: Basic Operation
# KERNEL: stopped at time: 100 ns
alog -O2 -sve -msg 5 -sv2k17 -work archProject $dsn/src/edited.v
# Error: VCP5103 edited.v : (102, 19): Undeclared identifier: memory.
# Error: VCP5103 edited.v : (102, 29): Undeclared identifier: memory.
# Error: VCP5103 edited.v : (102, 39): Undeclared identifier: ADDI.
# Error: VCP5103 edited.v : (102, 43): Undeclared identifier: R1.
# Error: VCP5103 edited.v : (102, 47): Undeclared identifier: R2.
# Error: VCP5103 edited.v : (103, 19): Undeclared identifier: memory.
# Error: VCP5103 edited.v : (103, 29): Undeclared identifier: memory.
# Error: VCP5103 edited.v : (103, 39): Undeclared identifier: ADDI.
# Error: VCP5103 edited.v : (103, 43): Undeclared identifier: R2.
# Error: VCP5103 edited.v : (103, 47): Undeclared identifier: R3.
# Error: VCP5103 edited.v : (104, 19): Undeclared identifier: memory.
# Error: VCP5103 edited.v : (104, 29): Undeclared identifier: memory.
# Error: VCP5103 edited.v : (104, 38): Undeclared identifier: AND.
# Error: VCP5103 edited.v : (104, 42): Undeclared identifier: R3.
# Error: VCP5103 edited.v : (104, 46): Undeclared identifier: R1.
# Error: VCP5103 edited.v : (104, 50): Undeclared identifier: R2.
# Error: VCP5103 edited.v : (105, 19): Undeclared identifier: memory.
# Error: VCP5103 edited.v : (105, 29): Undeclared identifier: memory.
# Error: VCP5103 edited.v : (105, 38): Undeclared identifier: ADD.
# Error: VCP5103 edited.v : (105, 42): Undeclared identifier: R4.
# Error: VCP5103 edited.v : (105, 46): Undeclared identifier: R1.
# Error: VCP5103 edited.v : (105, 50): Undeclared identifier: R2.
# Error: VCP5103 edited.v : (106, 19): Undeclared identifier: memory.
# Error: VCP5103 edited.v : (106, 29): Undeclared identifier: memory.
# Error: VCP5103 edited.v : (106, 38): Undeclared identifier: SUB.
# Error: VCP5103 edited.v : (106, 42): Undeclared identifier: R3.
# Error: VCP5103 edited.v : (106, 46): Undeclared identifier: R2.
# Error: VCP5103 edited.v : (106, 50): Undeclared identifier: R1.
# Compile failure 28 Errors 0 Warnings  Analysis time: 0[s].
alog -O2 -sve -msg 5 -sv2k17 -work archProject $dsn/src/edited.v
# Unit top modules: testbench.
# Compile success 0 Errors 0 Warnings  Analysis time: 0[s].
# done
endsim
# VSIM: Simulation has finished.
